<?xml version="1.0" encoding="UTF-8"?>
<testng-results ignored="0" total="1" passed="1" failed="0" skipped="0">
  <reporter-output>
  </reporter-output>
  <suite started-at="2025-12-26T12:41:11 IST" name="Default suite" finished-at="2025-12-26T12:41:20 IST" duration-ms="9615">
    <groups>
    </groups>
    <test started-at="2025-12-26T12:41:11 IST" name="Default test" finished-at="2025-12-26T12:41:20 IST" duration-ms="9615">
      <class name="com.vtiger.crm.baseclass.Demo">
        <test-method is-config="true" signature="createDBConnection()[pri:0, instance:com.vtiger.crm.baseclass.Demo@5dda768f]" started-at="2025-12-26T12:41:11 IST" name="createDBConnection" finished-at="2025-12-26T12:41:11 IST" duration-ms="13" status="PASS">
          <reporter-output>
          </reporter-output>
        </test-method> <!-- createDBConnection -->
        <test-method is-config="true" signature="launchBrowswer()[pri:0, instance:com.vtiger.crm.baseclass.Demo@5dda768f]" started-at="2025-12-26T12:41:11 IST" name="launchBrowswer" finished-at="2025-12-26T12:41:15 IST" duration-ms="4015" status="PASS">
          <reporter-output>
          </reporter-output>
        </test-method> <!-- launchBrowswer -->
        <test-method is-config="true" signature="loginUser()[pri:0, instance:com.vtiger.crm.baseclass.Demo@5dda768f]" started-at="2025-12-26T12:41:15 IST" name="loginUser" finished-at="2025-12-26T12:41:18 IST" duration-ms="3605" status="PASS">
          <reporter-output>
          </reporter-output>
        </test-method> <!-- loginUser -->
        <test-method signature="test()[pri:0, instance:com.vtiger.crm.baseclass.Demo@5dda768f]" started-at="2025-12-26T12:41:18 IST" name="test" finished-at="2025-12-26T12:41:18 IST" duration-ms="17" status="PASS">
          <reporter-output>
          </reporter-output>
        </test-method> <!-- test -->
        <test-method is-config="true" signature="logOutUser()[pri:0, instance:com.vtiger.crm.baseclass.Demo@5dda768f]" started-at="2025-12-26T12:41:18 IST" name="logOutUser" finished-at="2025-12-26T12:41:20 IST" duration-ms="1643" status="PASS">
          <reporter-output>
          </reporter-output>
        </test-method> <!-- logOutUser -->
        <test-method is-config="true" signature="quitBroswe()[pri:0, instance:com.vtiger.crm.baseclass.Demo@5dda768f]" started-at="2025-12-26T12:41:20 IST" name="quitBroswe" finished-at="2025-12-26T12:41:20 IST" duration-ms="284" status="PASS">
          <reporter-output>
          </reporter-output>
        </test-method> <!-- quitBroswe -->
        <test-method is-config="true" signature="closeDBConnection()[pri:0, instance:com.vtiger.crm.baseclass.Demo@5dda768f]" started-at="2025-12-26T12:41:20 IST" name="closeDBConnection" finished-at="2025-12-26T12:41:20 IST" duration-ms="1" status="PASS">
          <reporter-output>
          </reporter-output>
        </test-method> <!-- closeDBConnection -->
      </class> <!-- com.vtiger.crm.baseclass.Demo -->
    </test> <!-- Default test -->
  </suite> <!-- Default suite -->
</testng-results>
